<?xml version="1.0" encoding="UTF-8"?>
<!-- Generated by org.testng.reporters.JUnitXMLReporter -->
<testsuite ignored="0" hostname="DESKTOP-18H7VUB" failures="0" tests="1" name="Test-Runner2" time="175.743" errors="0" timestamp="2023-11-01T19:17:41 NZDT">
  <testcase classname="ContactTests.CreateContactWithOrganisation" name="CreateContactWithOrganisation" time="0.0">
    <skipped/>
  </testcase> <!-- CreateContactWithOrganisation -->
</testsuite> <!-- Test-Runner2 -->
