<?xml version="1.0" encoding="UTF-8"?>
<!-- Generated by org.testng.reporters.JUnitReportReporter -->
<testsuite hostname="DESKTOP-18H7VUB" failures="0" tests="2" name="ContactTests.CreateContactWithOrganisation" time="323.008" errors="2" timestamp="2023-11-23T23:21:38 NZDT" skipped="0">
  <testcase classname="ContactTests.CreateContactWithOrganisation" name="CreateContactWithOrganisation" time="296.636">
    <error message="no such window
  (Session info: MicrosoftEdge=119.0.2151.58)
Build info: version: &#039;4.8.3&#039;, revision: &#039;e5e76298c3&#039;
System info: os.name: &#039;Windows 10&#039;, os.arch: &#039;amd64&#039;, os.version: &#039;10.0&#039;, java.version: &#039;17.0.7&#039;
Driver info: org.openqa.selenium.edge.EdgeDriver
Command: [ae0d2880510d4f9d385856333e27fc24, switchToWindow {handle=1D568F14DE8B8E226C3E56293DC28040}]
Capabilities {acceptInsecureCerts: false, browserName: msedge, browserVersion: 119.0.2151.58, fedcm:accounts: true, ms:edgeOptions: {debuggerAddress: localhost:62186}, msedge: {msedgedriverVersion: 119.0.2151.72 (e8225cce8e47..., userDataDir: C:\Users\Basanth\AppData\Lo...}, networkConnectionEnabled: false, pageLoadStrategy: normal, platformName: WINDOWS, proxy: Proxy(), se:cdp: ws://localhost:62186/devtoo..., se:cdpVersion: 119.0.2151.58, setWindowRect: true, strictFileInteractability: false, timeouts: {implicit: 0, pageLoad: 300000, script: 30000}, unhandledPromptBehavior: dismiss and notify, webauthn:extension:credBlob: true, webauthn:extension:largeBlob: true, webauthn:extension:minPinLength: true, webauthn:extension:prf: true, webauthn:virtualAuthenticators: true}
Session ID: ae0d2880510d4f9d385856333e27fc24" type="org.openqa.selenium.NoSuchWindowException">
      <![CDATA[org.openqa.selenium.NoSuchWindowException: no such window
  (Session info: MicrosoftEdge=119.0.2151.58)
Build info: version: '4.8.3', revision: 'e5e76298c3'
System info: os.name: 'Windows 10', os.arch: 'amd64', os.version: '10.0', java.version: '17.0.7'
Driver info: org.openqa.selenium.edge.EdgeDriver
Command: [ae0d2880510d4f9d385856333e27fc24, switchToWindow {handle=1D568F14DE8B8E226C3E56293DC28040}]
Capabilities {acceptInsecureCerts: false, browserName: msedge, browserVersion: 119.0.2151.58, fedcm:accounts: true, ms:edgeOptions: {debuggerAddress: localhost:62186}, msedge: {msedgedriverVersion: 119.0.2151.72 (e8225cce8e47..., userDataDir: C:\Users\Basanth\AppData\Lo...}, networkConnectionEnabled: false, pageLoadStrategy: normal, platformName: WINDOWS, proxy: Proxy(), se:cdp: ws://localhost:62186/devtoo..., se:cdpVersion: 119.0.2151.58, setWindowRect: true, strictFileInteractability: false, timeouts: {implicit: 0, pageLoad: 300000, script: 30000}, unhandledPromptBehavior: dismiss and notify, webauthn:extension:credBlob: true, webauthn:extension:largeBlob: true, webauthn:extension:minPinLength: true, webauthn:extension:prf: true, webauthn:virtualAuthenticators: true}
Session ID: ae0d2880510d4f9d385856333e27fc24
at java.base/jdk.internal.reflect.NativeConstructorAccessorImpl.newInstance0(Native Method)
at java.base/jdk.internal.reflect.NativeConstructorAccessorImpl.newInstance(NativeConstructorAccessorImpl.java:77)
at java.base/jdk.internal.reflect.DelegatingConstructorAccessorImpl.newInstance(DelegatingConstructorAccessorImpl.java:45)
at java.base/java.lang.reflect.Constructor.newInstanceWithCaller(Constructor.java:499)
at java.base/java.lang.reflect.Constructor.newInstance(Constructor.java:480)
at org.openqa.selenium.remote.codec.w3c.W3CHttpResponseCodec.createException(W3CHttpResponseCodec.java:200)
at org.openqa.selenium.remote.codec.w3c.W3CHttpResponseCodec.decode(W3CHttpResponseCodec.java:133)
at org.openqa.selenium.remote.codec.w3c.W3CHttpResponseCodec.decode(W3CHttpResponseCodec.java:53)
at org.openqa.selenium.remote.HttpCommandExecutor.execute(HttpCommandExecutor.java:193)
at org.openqa.selenium.remote.service.DriverCommandExecutor.invokeExecute(DriverCommandExecutor.java:183)
at org.openqa.selenium.remote.service.DriverCommandExecutor.execute(DriverCommandExecutor.java:158)
at org.openqa.selenium.remote.RemoteWebDriver.execute(RemoteWebDriver.java:543)
at org.openqa.selenium.remote.RemoteWebDriver$RemoteTargetLocator.window(RemoteWebDriver.java:1035)
at GenericUtilities.WebDriverUtility.switchToWindow(WebDriverUtility.java:258)
at objectRepository.CreateNewContactPage.createNewContact(CreateNewContactPage.java:93)
at ContactTests.CreateContactWithOrganisation.CreateContactWithOrganisation(CreateContactWithOrganisation.java:68)
at java.base/jdk.internal.reflect.NativeMethodAccessorImpl.invoke0(Native Method)
at java.base/jdk.internal.reflect.NativeMethodAccessorImpl.invoke(NativeMethodAccessorImpl.java:77)
at java.base/jdk.internal.reflect.DelegatingMethodAccessorImpl.invoke(DelegatingMethodAccessorImpl.java:43)
at java.base/java.lang.reflect.Method.invoke(Method.java:568)
at org.testng.internal.invokers.MethodInvocationHelper.invokeMethod(MethodInvocationHelper.java:139)
at org.testng.internal.invokers.TestInvoker.invokeMethod(TestInvoker.java:664)
at org.testng.internal.invokers.TestInvoker.invokeTestMethod(TestInvoker.java:227)
at org.testng.internal.invokers.MethodRunner.runInSequence(MethodRunner.java:50)
at org.testng.internal.invokers.TestInvoker$MethodInvocationAgent.invoke(TestInvoker.java:957)
at org.testng.internal.invokers.TestInvoker.invokeTestMethods(TestInvoker.java:200)
at org.testng.internal.invokers.TestMethodWorker.invokeTestMethods(TestMethodWorker.java:148)
at org.testng.internal.invokers.TestMethodWorker.run(TestMethodWorker.java:128)
at java.base/java.util.ArrayList.forEach(ArrayList.java:1511)
at org.testng.TestRunner.privateRun(TestRunner.java:848)
at org.testng.TestRunner.run(TestRunner.java:621)
at org.testng.SuiteRunner.runTest(SuiteRunner.java:443)
at org.testng.SuiteRunner.runSequentially(SuiteRunner.java:437)
at org.testng.SuiteRunner.privateRun(SuiteRunner.java:397)
at org.testng.SuiteRunner.run(SuiteRunner.java:336)
at org.testng.SuiteRunnerWorker.runSuite(SuiteRunnerWorker.java:52)
at org.testng.SuiteRunnerWorker.run(SuiteRunnerWorker.java:95)
at org.testng.TestNG.runSuitesSequentially(TestNG.java:1280)
at org.testng.TestNG.runSuitesLocally(TestNG.java:1200)
at org.testng.TestNG.runSuites(TestNG.java:1114)
at org.testng.TestNG.run(TestNG.java:1082)
at org.testng.remote.AbstractRemoteTestNG.run(AbstractRemoteTestNG.java:115)
at org.testng.remote.RemoteTestNG.initAndRun(RemoteTestNG.java:251)
at org.testng.remote.RemoteTestNG.main(RemoteTestNG.java:77)
]]>
    </error>
  </testcase> <!-- CreateContactWithOrganisation -->
  <testcase classname="ContactTests.CreateContactWithOrganisation" name="acConfig" time="26.372">
    <error message="Timed out waiting for driver server to stop.
Build info: version: &#039;4.8.3&#039;, revision: &#039;e5e76298c3&#039;
System info: os.name: &#039;Windows 10&#039;, os.arch: &#039;amd64&#039;, os.version: &#039;10.0&#039;, java.version: &#039;17.0.7&#039;
Driver info: org.openqa.selenium.edge.EdgeDriver
Command: [ae0d2880510d4f9d385856333e27fc24, quit {}]
Capabilities {acceptInsecureCerts: false, browserName: msedge, browserVersion: 119.0.2151.58, fedcm:accounts: true, ms:edgeOptions: {debuggerAddress: localhost:62186}, msedge: {msedgedriverVersion: 119.0.2151.72 (e8225cce8e47..., userDataDir: C:\Users\Basanth\AppData\Lo...}, networkConnectionEnabled: false, pageLoadStrategy: normal, platformName: WINDOWS, proxy: Proxy(), se:cdp: ws://localhost:62186/devtoo..., se:cdpVersion: 119.0.2151.58, setWindowRect: true, strictFileInteractability: false, timeouts: {implicit: 0, pageLoad: 300000, script: 30000}, unhandledPromptBehavior: dismiss and notify, webauthn:extension:credBlob: true, webauthn:extension:largeBlob: true, webauthn:extension:minPinLength: true, webauthn:extension:prf: true, webauthn:virtualAuthenticators: true}
Session ID: ae0d2880510d4f9d385856333e27fc24" type="org.openqa.selenium.WebDriverException">
      <![CDATA[org.openqa.selenium.WebDriverException: Timed out waiting for driver server to stop.
Build info: version: '4.8.3', revision: 'e5e76298c3'
System info: os.name: 'Windows 10', os.arch: 'amd64', os.version: '10.0', java.version: '17.0.7'
Driver info: org.openqa.selenium.edge.EdgeDriver
Command: [ae0d2880510d4f9d385856333e27fc24, quit {}]
Capabilities {acceptInsecureCerts: false, browserName: msedge, browserVersion: 119.0.2151.58, fedcm:accounts: true, ms:edgeOptions: {debuggerAddress: localhost:62186}, msedge: {msedgedriverVersion: 119.0.2151.72 (e8225cce8e47..., userDataDir: C:\Users\Basanth\AppData\Lo...}, networkConnectionEnabled: false, pageLoadStrategy: normal, platformName: WINDOWS, proxy: Proxy(), se:cdp: ws://localhost:62186/devtoo..., se:cdpVersion: 119.0.2151.58, setWindowRect: true, strictFileInteractability: false, timeouts: {implicit: 0, pageLoad: 300000, script: 30000}, unhandledPromptBehavior: dismiss and notify, webauthn:extension:credBlob: true, webauthn:extension:largeBlob: true, webauthn:extension:minPinLength: true, webauthn:extension:prf: true, webauthn:virtualAuthenticators: true}
Session ID: ae0d2880510d4f9d385856333e27fc24
at org.openqa.selenium.remote.service.DriverCommandExecutor.execute(DriverCommandExecutor.java:148)
at org.openqa.selenium.remote.RemoteWebDriver.execute(RemoteWebDriver.java:543)
at org.openqa.selenium.remote.RemoteWebDriver.execute(RemoteWebDriver.java:598)
at org.openqa.selenium.remote.RemoteWebDriver.execute(RemoteWebDriver.java:602)
at org.openqa.selenium.remote.RemoteWebDriver.quit(RemoteWebDriver.java:445)
at org.openqa.selenium.chromium.ChromiumDriver.quit(ChromiumDriver.java:279)
at GenericUtilities.BaseClass.acConfig(BaseClass.java:106)
at java.base/jdk.internal.reflect.NativeMethodAccessorImpl.invoke0(Native Method)
at java.base/jdk.internal.reflect.NativeMethodAccessorImpl.invoke(NativeMethodAccessorImpl.java:77)
at java.base/jdk.internal.reflect.DelegatingMethodAccessorImpl.invoke(DelegatingMethodAccessorImpl.java:43)
at java.base/java.lang.reflect.Method.invoke(Method.java:568)
at org.testng.internal.invokers.MethodInvocationHelper.invokeMethod(MethodInvocationHelper.java:139)
at org.testng.internal.invokers.MethodInvocationHelper.invokeMethodConsideringTimeout(MethodInvocationHelper.java:69)
at org.testng.internal.invokers.ConfigInvoker.invokeConfigurationMethod(ConfigInvoker.java:390)
at org.testng.internal.invokers.ConfigInvoker.invokeConfigurations(ConfigInvoker.java:325)
at org.testng.internal.invokers.TestMethodWorker.invokeAfterClassConfigurations(TestMethodWorker.java:229)
at org.testng.internal.invokers.TestMethodWorker.invokeAfterClassMethods(TestMethodWorker.java:215)
at org.testng.internal.invokers.TestMethodWorker.run(TestMethodWorker.java:131)
at java.base/java.util.ArrayList.forEach(ArrayList.java:1511)
at org.testng.TestRunner.privateRun(TestRunner.java:848)
at org.testng.TestRunner.run(TestRunner.java:621)
at org.testng.SuiteRunner.runTest(SuiteRunner.java:443)
at org.testng.SuiteRunner.runSequentially(SuiteRunner.java:437)
at org.testng.SuiteRunner.privateRun(SuiteRunner.java:397)
at org.testng.SuiteRunner.run(SuiteRunner.java:336)
at org.testng.SuiteRunnerWorker.runSuite(SuiteRunnerWorker.java:52)
at org.testng.SuiteRunnerWorker.run(SuiteRunnerWorker.java:95)
at org.testng.TestNG.runSuitesSequentially(TestNG.java:1280)
at org.testng.TestNG.runSuitesLocally(TestNG.java:1200)
at org.testng.TestNG.runSuites(TestNG.java:1114)
at org.testng.TestNG.run(TestNG.java:1082)
at org.testng.remote.AbstractRemoteTestNG.run(AbstractRemoteTestNG.java:115)
at org.testng.remote.RemoteTestNG.initAndRun(RemoteTestNG.java:251)
at org.testng.remote.RemoteTestNG.main(RemoteTestNG.java:77)
Caused by: java.util.concurrent.ExecutionException: org.openqa.selenium.TimeoutException: Process timed out after waiting for 20000 ms.
Build info: version: '4.8.3', revision: 'e5e76298c3'
System info: os.name: 'Windows 10', os.arch: 'amd64', os.version: '10.0', java.version: '17.0.7'
Driver info: driver.version: unknown
at java.base/java.util.concurrent.CompletableFuture.reportGet(CompletableFuture.java:396)
at java.base/java.util.concurrent.CompletableFuture.get(CompletableFuture.java:2096)
at org.openqa.selenium.remote.service.DriverCommandExecutor.execute(DriverCommandExecutor.java:144)
... 33 more
Caused by: org.openqa.selenium.TimeoutException: Process timed out after waiting for 20000 ms.
Build info: version: '4.8.3', revision: 'e5e76298c3'
System info: os.name: 'Windows 10', os.arch: 'amd64', os.version: '10.0', java.version: '17.0.7'
Driver info: driver.version: unknown
at org.openqa.selenium.os.OsProcess.waitFor(OsProcess.java:181)
at org.openqa.selenium.os.CommandLine.waitFor(CommandLine.java:119)
at org.openqa.selenium.remote.service.DriverCommandExecutor.lambda$execute$2(DriverCommandExecutor.java:138)
at java.base/java.util.concurrent.CompletableFuture$AsyncSupply.run(CompletableFuture.java:1768)
at java.base/java.util.concurrent.ThreadPoolExecutor.runWorker(ThreadPoolExecutor.java:1136)
at java.base/java.util.concurrent.ThreadPoolExecutor$Worker.run(ThreadPoolExecutor.java:635)
at java.base/java.lang.Thread.run(Thread.java:833)
]]>
    </error>
  </testcase> <!-- acConfig -->
</testsuite> <!-- ContactTests.CreateContactWithOrganisation -->
