<?xml version="1.0" encoding="UTF-8"?>
<!-- Generated by org.testng.reporters.JUnitReportReporter -->
<testsuite hostname="DESKTOP-18H7VUB" failures="0" tests="3" name="Practice.DataProviderPractice" time="0.027" errors="0" timestamp="2023-10-26T18:43:51 NZDT" skipped="0">
  <testcase classname="Practice.DataProviderPractice" name="readData" time="0.013"/>
  <testcase classname="Practice.DataProviderPractice" name="readData" time="0.005"/>
  <testcase classname="Practice.DataProviderPractice" name="readData" time="0.009"/>
</testsuite> <!-- Practice.DataProviderPractice -->
