<?xml version="1.0" encoding="UTF-8"?>
<!-- Generated by org.testng.reporters.JUnitReportReporter -->
<testsuite hostname="DESKTOP-18H7VUB" failures="0" tests="6" name="OrganizationTests.OrganisationWithIndustryType" time="456.265" errors="0" timestamp="2023-10-27T18:19:30 NZDT" skipped="0">
  <testcase classname="OrganizationTests.OrganisationWithIndustryType" name="OrganisationWithIndustryType" time="94.057"/>
  <testcase classname="OrganizationTests.OrganisationWithIndustryType" name="OrganisationWithIndustryType" time="78.114"/>
  <testcase classname="OrganizationTests.OrganisationWithIndustryType" name="OrganisationWithIndustryType" time="67.856"/>
  <testcase classname="OrganizationTests.OrganisationWithIndustryType" name="OrganisationWithIndustryType" time="93.794"/>
  <testcase classname="OrganizationTests.OrganisationWithIndustryType" name="OrganisationWithIndustryType" time="55.558"/>
  <testcase classname="OrganizationTests.OrganisationWithIndustryType" name="OrganisationWithIndustryType" time="66.886"/>
</testsuite> <!-- OrganizationTests.OrganisationWithIndustryType -->
