<?xml version="1.0" encoding="UTF-8"?>
<!-- Generated by org.testng.reporters.JUnitReportReporter -->
<testsuite hostname="DESKTOP-18H7VUB" failures="0" tests="1" name="Practice.ReadDataFromCmdLine" time="0.033" errors="0" timestamp="2023-11-10T18:45:02 NZDT" skipped="0">
  <testcase classname="Practice.ReadDataFromCmdLine" name="read" time="0.033"/>
</testsuite> <!-- Practice.ReadDataFromCmdLine -->
