<?xml version="1.0" encoding="UTF-8"?>
<!-- Generated by org.testng.reporters.JUnitReportReporter -->
<testsuite hostname="DESKTOP-18H7VUB" failures="0" tests="7" name="ContactTests.ContactsAndOrganizations" time="480.997" errors="0" timestamp="2023-10-27T18:38:59 NZDT" skipped="0">
  <testcase classname="ContactTests.ContactsAndOrganizations" name="ContactsAndOrganizations" time="54.918"/>
  <testcase classname="ContactTests.ContactsAndOrganizations" name="ContactsAndOrganizations" time="56.835"/>
  <testcase classname="ContactTests.ContactsAndOrganizations" name="ContactsAndOrganizations" time="125.536"/>
  <testcase classname="ContactTests.ContactsAndOrganizations" name="ContactsAndOrganizations" time="71.829"/>
  <testcase classname="ContactTests.ContactsAndOrganizations" name="ContactsAndOrganizations" time="49.992"/>
  <testcase classname="ContactTests.ContactsAndOrganizations" name="ContactsAndOrganizations" time="61.298"/>
  <testcase classname="ContactTests.ContactsAndOrganizations" name="ContactsAndOrganizations" time="60.589"/>
</testsuite> <!-- ContactTests.ContactsAndOrganizations -->
